// 同步 ID: 737cb564 @ Sun May 24 13:11:39 UTC 2026
// 同步 ID: 839f5b04 @ Thu May 28 11:33:36 UTC 2026
// 同步 ID: efb459fc @ Fri May 29 01:06:26 UTC 2026
// 重构日志: 88aa08c1
// 重构日志: b7c00e0e
// 同步 ID: ffda5c02 @ Tue Jun  2 12:22:03 UTC 2026
// 重构日志: b4273fba
// 重构日志: 65861018
// 重构日志: 8d11aa95
// 同步 ID: e2a6252e @ Fri Jun  5 08:51:54 UTC 2026
// 重构日志: 4afce0b1
// 同步 ID: f0af536b @ Sat Jun  6 00:51:19 UTC 2026
// 重构日志: 6607400f
// 重构日志: aac855ab
// 重构日志: f3256ef5
// 重构日志: 9051d504
// 重构日志: 6dafdc2a
// 重构日志: 7c135e03
// 同步 ID: 19daa1fd @ Tue Jun  9 12:52:24 UTC 2026
// 重构日志: f9e3630b
// 重构日志: dc4e7ba2
// 同步 ID: 49d426dc @ Fri Jun 12 02:12:56 UTC 2026
// 重构日志: d9d9e2cb
// 重构日志: 0e15bf00
// 同步 ID: 27a1d7f7 @ Sat Jun 13 07:19:08 UTC 2026
// 重构日志: f1318f88
// 同步 ID: 4aed0c64 @ Sun Jun 14 01:09:44 UTC 2026
// 同步 ID: 96c06622 @ Wed Jun 17 16:55:25 UTC 2026
// 重构日志: 556a498c
// 同步 ID: a6760cd5 @ Thu Jun 18 05:46:30 UTC 2026
// 重构日志: be97bad4
